<?xml version="1.0" encoding="UTF-8"?>
<!-- Generated by org.testng.reporters.JUnitReportReporter -->
<testsuite hostname="INBL01LAP20091" failures="0" tests="1" name="Webshop.Tc_002Test" time="19.485" errors="0" timestamp="2022-11-04T13:47:29 IST" skipped="0">
  <testcase classname="Webshop.Tc_002Test" name="shop" time="19.485"/>
  <system-out/>
</testsuite> <!-- Webshop.Tc_002Test -->
